[0.009s] Invoking command in '/home/seriousjoke/ros2_ws/src/slam_robot/build/slam_robot': CMAKE_PREFIX_PATH=${CMAKE_PREFIX_PATH}:/opt/ros/humble /usr/bin/cmake --build /home/seriousjoke/ros2_ws/src/slam_robot/build/slam_robot -- -j4 -l4
[0.042s] Invoked command in '/home/seriousjoke/ros2_ws/src/slam_robot/build/slam_robot' returned '0': CMAKE_PREFIX_PATH=${CMAKE_PREFIX_PATH}:/opt/ros/humble /usr/bin/cmake --build /home/seriousjoke/ros2_ws/src/slam_robot/build/slam_robot -- -j4 -l4
[0.051s] Invoking command in '/home/seriousjoke/ros2_ws/src/slam_robot/build/slam_robot': CMAKE_PREFIX_PATH=${CMAKE_PREFIX_PATH}:/opt/ros/humble /usr/bin/cmake --install /home/seriousjoke/ros2_ws/src/slam_robot/build/slam_robot
[0.057s] -- Install configuration: ""
[0.057s] -- Up-to-date: /home/seriousjoke/ros2_ws/src/slam_robot/install/slam_robot/share/slam_robot/launch
[0.057s] -- Up-to-date: /home/seriousjoke/ros2_ws/src/slam_robot/install/slam_robot/share/slam_robot/launch/display.launch.py
[0.057s] -- Up-to-date: /home/seriousjoke/ros2_ws/src/slam_robot/install/slam_robot/share/slam_robot/launch/gazebo.launch.py
[0.057s] -- Up-to-date: /home/seriousjoke/ros2_ws/src/slam_robot/install/slam_robot/share/slam_robot/model
[0.058s] -- Up-to-date: /home/seriousjoke/ros2_ws/src/slam_robot/install/slam_robot/share/slam_robot/model/materials.xacro
[0.058s] -- Up-to-date: /home/seriousjoke/ros2_ws/src/slam_robot/install/slam_robot/share/slam_robot/model/slam_robot.trans
[0.058s] -- Installing: /home/seriousjoke/ros2_ws/src/slam_robot/install/slam_robot/share/slam_robot/model/slam_robot.xacro
[0.058s] -- Up-to-date: /home/seriousjoke/ros2_ws/src/slam_robot/install/slam_robot/share/slam_robot/model/slam_robot.gazebo
[0.058s] -- Up-to-date: /home/seriousjoke/ros2_ws/src/slam_robot/install/slam_robot/share/ament_index/resource_index/package_run_dependencies/slam_robot
[0.058s] -- Up-to-date: /home/seriousjoke/ros2_ws/src/slam_robot/install/slam_robot/share/ament_index/resource_index/parent_prefix_path/slam_robot
[0.058s] -- Up-to-date: /home/seriousjoke/ros2_ws/src/slam_robot/install/slam_robot/share/slam_robot/environment/ament_prefix_path.sh
[0.058s] -- Up-to-date: /home/seriousjoke/ros2_ws/src/slam_robot/install/slam_robot/share/slam_robot/environment/ament_prefix_path.dsv
[0.058s] -- Up-to-date: /home/seriousjoke/ros2_ws/src/slam_robot/install/slam_robot/share/slam_robot/environment/path.sh
[0.058s] -- Up-to-date: /home/seriousjoke/ros2_ws/src/slam_robot/install/slam_robot/share/slam_robot/environment/path.dsv
[0.058s] -- Up-to-date: /home/seriousjoke/ros2_ws/src/slam_robot/install/slam_robot/share/slam_robot/local_setup.bash
[0.058s] -- Up-to-date: /home/seriousjoke/ros2_ws/src/slam_robot/install/slam_robot/share/slam_robot/local_setup.sh
[0.058s] -- Up-to-date: /home/seriousjoke/ros2_ws/src/slam_robot/install/slam_robot/share/slam_robot/local_setup.zsh
[0.058s] -- Up-to-date: /home/seriousjoke/ros2_ws/src/slam_robot/install/slam_robot/share/slam_robot/local_setup.dsv
[0.058s] -- Installing: /home/seriousjoke/ros2_ws/src/slam_robot/install/slam_robot/share/slam_robot/package.dsv
[0.058s] -- Up-to-date: /home/seriousjoke/ros2_ws/src/slam_robot/install/slam_robot/share/ament_index/resource_index/packages/slam_robot
[0.058s] -- Up-to-date: /home/seriousjoke/ros2_ws/src/slam_robot/install/slam_robot/share/slam_robot/cmake/slam_robotConfig.cmake
[0.059s] -- Up-to-date: /home/seriousjoke/ros2_ws/src/slam_robot/install/slam_robot/share/slam_robot/cmake/slam_robotConfig-version.cmake
[0.059s] -- Up-to-date: /home/seriousjoke/ros2_ws/src/slam_robot/install/slam_robot/share/slam_robot/package.xml
[0.060s] Invoked command in '/home/seriousjoke/ros2_ws/src/slam_robot/build/slam_robot' returned '0': CMAKE_PREFIX_PATH=${CMAKE_PREFIX_PATH}:/opt/ros/humble /usr/bin/cmake --install /home/seriousjoke/ros2_ws/src/slam_robot/build/slam_robot
