-- Install configuration: ""
-- Up-to-date: /home/seriousjoke/ros2_ws/src/slam_robot/install/slam_robot/share/slam_robot/launch
-- Installing: /home/seriousjoke/ros2_ws/src/slam_robot/install/slam_robot/share/slam_robot/launch/display.launch.py
-- Installing: /home/seriousjoke/ros2_ws/src/slam_robot/install/slam_robot/share/slam_robot/launch/gazebo.launch.py
-- Up-to-date: /home/seriousjoke/ros2_ws/src/slam_robot/install/slam_robot/share/slam_robot/model
-- Up-to-date: /home/seriousjoke/ros2_ws/src/slam_robot/install/slam_robot/share/slam_robot/model/materials.xacro
-- Up-to-date: /home/seriousjoke/ros2_ws/src/slam_robot/install/slam_robot/share/slam_robot/model/slam_robot.trans
-- Up-to-date: /home/seriousjoke/ros2_ws/src/slam_robot/install/slam_robot/share/slam_robot/model/slam_robot.xacro
-- Up-to-date: /home/seriousjoke/ros2_ws/src/slam_robot/install/slam_robot/share/slam_robot/model/slam_robot.gazebo
-- Up-to-date: /home/seriousjoke/ros2_ws/src/slam_robot/install/slam_robot/share/ament_index/resource_index/package_run_dependencies/slam_robot
-- Up-to-date: /home/seriousjoke/ros2_ws/src/slam_robot/install/slam_robot/share/ament_index/resource_index/parent_prefix_path/slam_robot
-- Up-to-date: /home/seriousjoke/ros2_ws/src/slam_robot/install/slam_robot/share/slam_robot/environment/ament_prefix_path.sh
-- Up-to-date: /home/seriousjoke/ros2_ws/src/slam_robot/install/slam_robot/share/slam_robot/environment/ament_prefix_path.dsv
-- Up-to-date: /home/seriousjoke/ros2_ws/src/slam_robot/install/slam_robot/share/slam_robot/environment/path.sh
-- Up-to-date: /home/seriousjoke/ros2_ws/src/slam_robot/install/slam_robot/share/slam_robot/environment/path.dsv
-- Up-to-date: /home/seriousjoke/ros2_ws/src/slam_robot/install/slam_robot/share/slam_robot/local_setup.bash
-- Up-to-date: /home/seriousjoke/ros2_ws/src/slam_robot/install/slam_robot/share/slam_robot/local_setup.sh
-- Up-to-date: /home/seriousjoke/ros2_ws/src/slam_robot/install/slam_robot/share/slam_robot/local_setup.zsh
-- Up-to-date: /home/seriousjoke/ros2_ws/src/slam_robot/install/slam_robot/share/slam_robot/local_setup.dsv
-- Up-to-date: /home/seriousjoke/ros2_ws/src/slam_robot/install/slam_robot/share/slam_robot/package.dsv
-- Up-to-date: /home/seriousjoke/ros2_ws/src/slam_robot/install/slam_robot/share/ament_index/resource_index/packages/slam_robot
-- Up-to-date: /home/seriousjoke/ros2_ws/src/slam_robot/install/slam_robot/share/slam_robot/cmake/slam_robotConfig.cmake
-- Up-to-date: /home/seriousjoke/ros2_ws/src/slam_robot/install/slam_robot/share/slam_robot/cmake/slam_robotConfig-version.cmake
-- Up-to-date: /home/seriousjoke/ros2_ws/src/slam_robot/install/slam_robot/share/slam_robot/package.xml
