[0.009s] Invoking command in '/home/seriousjoke/ros2_ws/src/slam_robot/build/slam_robot': CMAKE_PREFIX_PATH=${CMAKE_PREFIX_PATH}:/opt/ros/humble /usr/bin/cmake --build /home/seriousjoke/ros2_ws/src/slam_robot/build/slam_robot -- -j4 -l4
[0.029s] -- Found ament_cmake: 1.3.12 (/opt/ros/humble/share/ament_cmake/cmake)
[0.148s] -- Found ament_lint_auto: 0.12.14 (/opt/ros/humble/share/ament_lint_auto/cmake)
[0.230s] -- Added test 'cppcheck' to perform static code analysis on C / C++ code
[0.230s] -- Configured cppcheck include dirs: 
[0.230s] -- Configured cppcheck exclude dirs and/or files: 
[0.234s] -- Added test 'flake8' to check Python code syntax and style conventions
[0.240s] -- Added test 'lint_cmake' to check CMake code style
[0.243s] -- Added test 'pep257' to check Python code against some of the docstring style conventions in PEP 257
[0.260s] -- Added test 'uncrustify' to check C / C++ code style
[0.260s] -- Configured uncrustify additional arguments: 
[0.262s] -- Added test 'xmllint' to check XML markup files
[0.263s] -- Configuring done
[0.266s] -- Generating done
[0.268s] -- Build files have been written to: /home/seriousjoke/ros2_ws/src/slam_robot/build/slam_robot
[0.289s] Invoked command in '/home/seriousjoke/ros2_ws/src/slam_robot/build/slam_robot' returned '0': CMAKE_PREFIX_PATH=${CMAKE_PREFIX_PATH}:/opt/ros/humble /usr/bin/cmake --build /home/seriousjoke/ros2_ws/src/slam_robot/build/slam_robot -- -j4 -l4
[0.298s] Invoking command in '/home/seriousjoke/ros2_ws/src/slam_robot/build/slam_robot': CMAKE_PREFIX_PATH=${CMAKE_PREFIX_PATH}:/opt/ros/humble /usr/bin/cmake --install /home/seriousjoke/ros2_ws/src/slam_robot/build/slam_robot
[0.305s] -- Install configuration: ""
[0.306s] -- Up-to-date: /home/seriousjoke/ros2_ws/src/slam_robot/install/slam_robot/share/slam_robot/launch
[0.306s] -- Up-to-date: /home/seriousjoke/ros2_ws/src/slam_robot/install/slam_robot/share/slam_robot/launch/display.launch.py
[0.306s] -- Installing: /home/seriousjoke/ros2_ws/src/slam_robot/install/slam_robot/share/slam_robot/launch/gazebo.launch.py
[0.306s] -- Up-to-date: /home/seriousjoke/ros2_ws/src/slam_robot/install/slam_robot/share/slam_robot/model
[0.306s] -- Up-to-date: /home/seriousjoke/ros2_ws/src/slam_robot/install/slam_robot/share/slam_robot/model/materials.xacro
[0.306s] -- Up-to-date: /home/seriousjoke/ros2_ws/src/slam_robot/install/slam_robot/share/slam_robot/model/slam_robot.trans
[0.306s] -- Up-to-date: /home/seriousjoke/ros2_ws/src/slam_robot/install/slam_robot/share/slam_robot/model/slam_robot.xacro
[0.306s] -- Up-to-date: /home/seriousjoke/ros2_ws/src/slam_robot/install/slam_robot/share/slam_robot/model/slam_robot.gazebo
[0.306s] -- Up-to-date: /home/seriousjoke/ros2_ws/src/slam_robot/install/slam_robot/share/ament_index/resource_index/package_run_dependencies/slam_robot
[0.306s] -- Up-to-date: /home/seriousjoke/ros2_ws/src/slam_robot/install/slam_robot/share/ament_index/resource_index/parent_prefix_path/slam_robot
[0.306s] -- Up-to-date: /home/seriousjoke/ros2_ws/src/slam_robot/install/slam_robot/share/slam_robot/environment/ament_prefix_path.sh
[0.306s] -- Installing: /home/seriousjoke/ros2_ws/src/slam_robot/install/slam_robot/share/slam_robot/environment/ament_prefix_path.dsv
[0.307s] -- Up-to-date: /home/seriousjoke/ros2_ws/src/slam_robot/install/slam_robot/share/slam_robot/environment/path.sh
[0.307s] -- Installing: /home/seriousjoke/ros2_ws/src/slam_robot/install/slam_robot/share/slam_robot/environment/path.dsv
[0.307s] -- Up-to-date: /home/seriousjoke/ros2_ws/src/slam_robot/install/slam_robot/share/slam_robot/local_setup.bash
[0.307s] -- Up-to-date: /home/seriousjoke/ros2_ws/src/slam_robot/install/slam_robot/share/slam_robot/local_setup.sh
[0.307s] -- Up-to-date: /home/seriousjoke/ros2_ws/src/slam_robot/install/slam_robot/share/slam_robot/local_setup.zsh
[0.307s] -- Installing: /home/seriousjoke/ros2_ws/src/slam_robot/install/slam_robot/share/slam_robot/local_setup.dsv
[0.307s] -- Installing: /home/seriousjoke/ros2_ws/src/slam_robot/install/slam_robot/share/slam_robot/package.dsv
[0.307s] -- Up-to-date: /home/seriousjoke/ros2_ws/src/slam_robot/install/slam_robot/share/ament_index/resource_index/packages/slam_robot
[0.307s] -- Up-to-date: /home/seriousjoke/ros2_ws/src/slam_robot/install/slam_robot/share/slam_robot/cmake/slam_robotConfig.cmake
[0.307s] -- Up-to-date: /home/seriousjoke/ros2_ws/src/slam_robot/install/slam_robot/share/slam_robot/cmake/slam_robotConfig-version.cmake
[0.307s] -- Installing: /home/seriousjoke/ros2_ws/src/slam_robot/install/slam_robot/share/slam_robot/package.xml
[0.309s] Invoked command in '/home/seriousjoke/ros2_ws/src/slam_robot/build/slam_robot' returned '0': CMAKE_PREFIX_PATH=${CMAKE_PREFIX_PATH}:/opt/ros/humble /usr/bin/cmake --install /home/seriousjoke/ros2_ws/src/slam_robot/build/slam_robot
