[0.012s] Invoking command in '/home/seriousjoke/ros2_ws/src/slam_robot/build/slam_robot': CMAKE_PREFIX_PATH=${CMAKE_PREFIX_PATH}:/opt/ros/humble /usr/bin/cmake /home/seriousjoke/ros2_ws/src/slam_robot -DCMAKE_INSTALL_PREFIX=/home/seriousjoke/ros2_ws/src/slam_robot/install/slam_robot
[0.179s] -- The C compiler identification is GNU 11.4.0
[0.309s] -- The CXX compiler identification is GNU 11.4.0
[0.321s] -- Detecting C compiler ABI info
[0.389s] -- Detecting C compiler ABI info - done
[0.396s] -- Check for working C compiler: /usr/bin/cc - skipped
[0.397s] -- Detecting C compile features
[0.397s] -- Detecting C compile features - done
[0.401s] -- Detecting CXX compiler ABI info
[0.478s] -- Detecting CXX compiler ABI info - done
[0.485s] -- Check for working CXX compiler: /usr/bin/c++ - skipped
[0.485s] -- Detecting CXX compile features
[0.486s] -- Detecting CXX compile features - done
[0.493s] -- Found ament_cmake: 1.3.12 (/opt/ros/humble/share/ament_cmake/cmake)
[0.638s] -- Found Python3: /usr/bin/python3 (found version "3.10.12") found components: Interpreter 
[0.751s] -- Found ament_lint_auto: 0.12.14 (/opt/ros/humble/share/ament_lint_auto/cmake)
[0.850s] -- Added test 'cppcheck' to perform static code analysis on C / C++ code
[0.850s] -- Configured cppcheck include dirs: 
[0.850s] -- Configured cppcheck exclude dirs and/or files: 
[0.852s] -- Added test 'flake8' to check Python code syntax and style conventions
[0.856s] -- Added test 'lint_cmake' to check CMake code style
[0.858s] -- Added test 'pep257' to check Python code against some of the docstring style conventions in PEP 257
[0.868s] -- Added test 'uncrustify' to check C / C++ code style
[0.868s] -- Configured uncrustify additional arguments: 
[0.870s] -- Added test 'xmllint' to check XML markup files
[0.872s] -- Configuring done
[0.874s] -- Generating done
[0.876s] -- Build files have been written to: /home/seriousjoke/ros2_ws/src/slam_robot/build/slam_robot
[0.880s] Invoked command in '/home/seriousjoke/ros2_ws/src/slam_robot/build/slam_robot' returned '0': CMAKE_PREFIX_PATH=${CMAKE_PREFIX_PATH}:/opt/ros/humble /usr/bin/cmake /home/seriousjoke/ros2_ws/src/slam_robot -DCMAKE_INSTALL_PREFIX=/home/seriousjoke/ros2_ws/src/slam_robot/install/slam_robot
[0.883s] Invoking command in '/home/seriousjoke/ros2_ws/src/slam_robot/build/slam_robot': CMAKE_PREFIX_PATH=${CMAKE_PREFIX_PATH}:/opt/ros/humble /usr/bin/cmake --build /home/seriousjoke/ros2_ws/src/slam_robot/build/slam_robot -- -j4 -l4
[0.915s] Invoked command in '/home/seriousjoke/ros2_ws/src/slam_robot/build/slam_robot' returned '0': CMAKE_PREFIX_PATH=${CMAKE_PREFIX_PATH}:/opt/ros/humble /usr/bin/cmake --build /home/seriousjoke/ros2_ws/src/slam_robot/build/slam_robot -- -j4 -l4
[0.924s] Invoking command in '/home/seriousjoke/ros2_ws/src/slam_robot/build/slam_robot': CMAKE_PREFIX_PATH=${CMAKE_PREFIX_PATH}:/opt/ros/humble /usr/bin/cmake --install /home/seriousjoke/ros2_ws/src/slam_robot/build/slam_robot
[0.931s] -- Install configuration: ""
[0.931s] -- Installing: /home/seriousjoke/ros2_ws/src/slam_robot/install/slam_robot/share/slam_robot/launch
[0.931s] -- Installing: /home/seriousjoke/ros2_ws/src/slam_robot/install/slam_robot/share/slam_robot/launch/display.launch.py
[0.931s] -- Installing: /home/seriousjoke/ros2_ws/src/slam_robot/install/slam_robot/share/slam_robot/launch/gazebo.launch.py
[0.931s] -- Installing: /home/seriousjoke/ros2_ws/src/slam_robot/install/slam_robot/share/slam_robot/model
[0.931s] -- Installing: /home/seriousjoke/ros2_ws/src/slam_robot/install/slam_robot/share/slam_robot/model/materials.xacro
[0.931s] -- Installing: /home/seriousjoke/ros2_ws/src/slam_robot/install/slam_robot/share/slam_robot/model/slam_robot.trans
[0.931s] -- Installing: /home/seriousjoke/ros2_ws/src/slam_robot/install/slam_robot/share/slam_robot/model/slam_robot.xacro
[0.931s] -- Installing: /home/seriousjoke/ros2_ws/src/slam_robot/install/slam_robot/share/slam_robot/model/slam_robot.gazebo
[0.932s] -- Installing: /home/seriousjoke/ros2_ws/src/slam_robot/install/slam_robot/share/ament_index/resource_index/package_run_dependencies/slam_robot
[0.934s] -- Installing: /home/seriousjoke/ros2_ws/src/slam_robot/install/slam_robot/share/ament_index/resource_index/parent_prefix_path/slam_robot
[0.934s] -- Installing: /home/seriousjoke/ros2_ws/src/slam_robot/install/slam_robot/share/slam_robot/environment/ament_prefix_path.sh
[0.935s] -- Installing: /home/seriousjoke/ros2_ws/src/slam_robot/install/slam_robot/share/slam_robot/environment/ament_prefix_path.dsv
[0.935s] -- Installing: /home/seriousjoke/ros2_ws/src/slam_robot/install/slam_robot/share/slam_robot/environment/path.sh
[0.935s] -- Installing: /home/seriousjoke/ros2_ws/src/slam_robot/install/slam_robot/share/slam_robot/environment/path.dsv
[0.935s] -- Installing: /home/seriousjoke/ros2_ws/src/slam_robot/install/slam_robot/share/slam_robot/local_setup.bash
[0.935s] -- Installing: /home/seriousjoke/ros2_ws/src/slam_robot/install/slam_robot/share/slam_robot/local_setup.sh
[0.935s] -- Installing: /home/seriousjoke/ros2_ws/src/slam_robot/install/slam_robot/share/slam_robot/local_setup.zsh
[0.935s] -- Installing: /home/seriousjoke/ros2_ws/src/slam_robot/install/slam_robot/share/slam_robot/local_setup.dsv
[0.935s] -- Installing: /home/seriousjoke/ros2_ws/src/slam_robot/install/slam_robot/share/slam_robot/package.dsv
[0.935s] -- Installing: /home/seriousjoke/ros2_ws/src/slam_robot/install/slam_robot/share/ament_index/resource_index/packages/slam_robot
[0.935s] -- Installing: /home/seriousjoke/ros2_ws/src/slam_robot/install/slam_robot/share/slam_robot/cmake/slam_robotConfig.cmake
[0.935s] -- Installing: /home/seriousjoke/ros2_ws/src/slam_robot/install/slam_robot/share/slam_robot/cmake/slam_robotConfig-version.cmake
[0.935s] -- Installing: /home/seriousjoke/ros2_ws/src/slam_robot/install/slam_robot/share/slam_robot/package.xml
[0.936s] Invoked command in '/home/seriousjoke/ros2_ws/src/slam_robot/build/slam_robot' returned '0': CMAKE_PREFIX_PATH=${CMAKE_PREFIX_PATH}:/opt/ros/humble /usr/bin/cmake --install /home/seriousjoke/ros2_ws/src/slam_robot/build/slam_robot
